2025-03-29T10:51:23.016+05:30  INFO 19656 --- [exam] [main] com.example.exam.ExamApplication         : Starting ExamApplication using Java 17.0.10 with PID 19656 (D:\College\5th sem\FSD\exam\target\classes started by HP in D:\College\5th sem\FSD\exam)
2025-03-29T10:51:23.039+05:30 DEBUG 19656 --- [exam] [main] com.example.exam.ExamApplication         : Running with Spring Boot v3.3.5, Spring v6.1.14
2025-03-29T10:51:23.041+05:30  INFO 19656 --- [exam] [main] com.example.exam.ExamApplication         : No active profile set, falling back to 1 default profile: "default"
2025-03-29T10:51:24.467+05:30  INFO 19656 --- [exam] [main] .s.d.r.c.RepositoryConfigurationDelegate : Bootstrapping Spring Data JPA repositories in DEFAULT mode.
2025-03-29T10:51:24.625+05:30  INFO 19656 --- [exam] [main] .s.d.r.c.RepositoryConfigurationDelegate : Finished Spring Data repository scanning in 143 ms. Found 8 JPA repository interfaces.
2025-03-29T10:51:25.732+05:30  INFO 19656 --- [exam] [main] o.s.b.w.embedded.tomcat.TomcatWebServer  : Tomcat initialized with port 8080 (http)
2025-03-29T10:51:25.754+05:30  INFO 19656 --- [exam] [main] o.apache.catalina.core.StandardService   : Starting service [Tomcat]
2025-03-29T10:51:25.756+05:30  INFO 19656 --- [exam] [main] o.apache.catalina.core.StandardEngine    : Starting Servlet engine: [Apache Tomcat/10.1.31]
2025-03-29T10:51:25.953+05:30  INFO 19656 --- [exam] [main] o.a.c.c.C.[Tomcat].[localhost].[/]       : Initializing Spring embedded WebApplicationContext
2025-03-29T10:51:25.955+05:30  INFO 19656 --- [exam] [main] w.s.c.ServletWebServerApplicationContext : Root WebApplicationContext: initialization completed in 2780 ms
2025-03-29T10:51:26.318+05:30  INFO 19656 --- [exam] [main] o.hibernate.jpa.internal.util.LogHelper  : HHH000204: Processing PersistenceUnitInfo [name: default]
2025-03-29T10:51:26.436+05:30  INFO 19656 --- [exam] [main] org.hibernate.Version                    : HHH000412: Hibernate ORM core version 6.5.3.Final
2025-03-29T10:51:26.521+05:30  INFO 19656 --- [exam] [main] o.h.c.internal.RegionFactoryInitiator    : HHH000026: Second-level cache disabled
2025-03-29T10:51:27.182+05:30  INFO 19656 --- [exam] [main] o.s.o.j.p.SpringPersistenceUnitInfo      : No LoadTimeWeaver setup: ignoring JPA class transformer
2025-03-29T10:51:27.246+05:30  INFO 19656 --- [exam] [main] com.zaxxer.hikari.HikariDataSource       : HikariPool-1 - Starting...
2025-03-29T10:51:27.946+05:30  INFO 19656 --- [exam] [main] com.zaxxer.hikari.pool.HikariPool        : HikariPool-1 - Added connection org.postgresql.jdbc.PgConnection@4fad51a3
2025-03-29T10:51:27.949+05:30  INFO 19656 --- [exam] [main] com.zaxxer.hikari.HikariDataSource       : HikariPool-1 - Start completed.
2025-03-29T10:51:28.068+05:30  WARN 19656 --- [exam] [main] org.hibernate.orm.deprecation            : HHH90000025: PostgreSQLDialect does not need to be specified explicitly using 'hibernate.dialect' (remove the property setting and it will be selected by default)
2025-03-29T10:51:30.028+05:30  INFO 19656 --- [exam] [main] o.h.e.t.j.p.i.JtaPlatformInitiator       : HHH000489: No JTA platform available (set 'hibernate.transaction.jta.platform' to enable JTA platform integration)
2025-03-29T10:51:30.221+05:30  INFO 19656 --- [exam] [main] j.LocalContainerEntityManagerFactoryBean : Initialized JPA EntityManagerFactory for persistence unit 'default'
2025-03-29T10:51:30.893+05:30  WARN 19656 --- [exam] [main] JpaBaseConfiguration$JpaWebConfiguration : spring.jpa.open-in-view is enabled by default. Therefore, database queries may be performed during view rendering. Explicitly configure spring.jpa.open-in-view to disable this warning
2025-03-29T10:51:31.555+05:30  INFO 19656 --- [exam] [main] o.s.b.w.embedded.tomcat.TomcatWebServer  : Tomcat started on port 8080 (http) with context path '/'
2025-03-29T10:51:31.572+05:30  INFO 19656 --- [exam] [main] com.example.exam.ExamApplication         : Started ExamApplication in 9.225 seconds (process running for 9.848)
2025-03-29T11:12:54.063+05:30  INFO 19656 --- [exam] [http-nio-8080-exec-1] o.a.c.c.C.[Tomcat].[localhost].[/]       : Initializing Spring DispatcherServlet 'dispatcherServlet'
2025-03-29T11:12:54.076+05:30  INFO 19656 --- [exam] [http-nio-8080-exec-1] o.s.web.servlet.DispatcherServlet        : Initializing Servlet 'dispatcherServlet'
2025-03-29T11:12:54.144+05:30  INFO 19656 --- [exam] [http-nio-8080-exec-1] o.s.web.servlet.DispatcherServlet        : Completed initialization in 68 ms
2025-03-29T11:15:56.517+05:30  INFO 17820 --- [exam] [main] com.example.exam.ExamApplication         : Starting ExamApplication using Java 17.0.10 with PID 17820 (D:\College\5th sem\FSD\exam\target\classes started by HP in D:\College\5th sem\FSD\exam)
2025-03-29T11:15:56.520+05:30 DEBUG 17820 --- [exam] [main] com.example.exam.ExamApplication         : Running with Spring Boot v3.3.5, Spring v6.1.14
2025-03-29T11:15:56.522+05:30  INFO 17820 --- [exam] [main] com.example.exam.ExamApplication         : No active profile set, falling back to 1 default profile: "default"
2025-03-29T11:15:58.164+05:30  INFO 17820 --- [exam] [main] .s.d.r.c.RepositoryConfigurationDelegate : Bootstrapping Spring Data JPA repositories in DEFAULT mode.
2025-03-29T11:15:58.366+05:30  INFO 17820 --- [exam] [main] .s.d.r.c.RepositoryConfigurationDelegate : Finished Spring Data repository scanning in 181 ms. Found 9 JPA repository interfaces.
2025-03-29T11:15:59.549+05:30  INFO 17820 --- [exam] [main] o.s.b.w.embedded.tomcat.TomcatWebServer  : Tomcat initialized with port 8080 (http)
2025-03-29T11:15:59.578+05:30  INFO 17820 --- [exam] [main] o.apache.catalina.core.StandardService   : Starting service [Tomcat]
2025-03-29T11:15:59.580+05:30  INFO 17820 --- [exam] [main] o.apache.catalina.core.StandardEngine    : Starting Servlet engine: [Apache Tomcat/10.1.31]
2025-03-29T11:15:59.864+05:30  INFO 17820 --- [exam] [main] o.a.c.c.C.[Tomcat].[localhost].[/]       : Initializing Spring embedded WebApplicationContext
2025-03-29T11:15:59.866+05:30  INFO 17820 --- [exam] [main] w.s.c.ServletWebServerApplicationContext : Root WebApplicationContext: initialization completed in 3251 ms
2025-03-29T11:16:00.157+05:30  INFO 17820 --- [exam] [main] o.hibernate.jpa.internal.util.LogHelper  : HHH000204: Processing PersistenceUnitInfo [name: default]
2025-03-29T11:16:00.292+05:30  INFO 17820 --- [exam] [main] org.hibernate.Version                    : HHH000412: Hibernate ORM core version 6.5.3.Final
2025-03-29T11:16:00.375+05:30  INFO 17820 --- [exam] [main] o.h.c.internal.RegionFactoryInitiator    : HHH000026: Second-level cache disabled
2025-03-29T11:16:00.956+05:30  INFO 17820 --- [exam] [main] o.s.o.j.p.SpringPersistenceUnitInfo      : No LoadTimeWeaver setup: ignoring JPA class transformer
2025-03-29T11:16:01.012+05:30  INFO 17820 --- [exam] [main] com.zaxxer.hikari.HikariDataSource       : HikariPool-1 - Starting...
2025-03-29T11:16:01.346+05:30  INFO 17820 --- [exam] [main] com.zaxxer.hikari.pool.HikariPool        : HikariPool-1 - Added connection org.postgresql.jdbc.PgConnection@1bb96449
2025-03-29T11:16:01.349+05:30  INFO 17820 --- [exam] [main] com.zaxxer.hikari.HikariDataSource       : HikariPool-1 - Start completed.
2025-03-29T11:16:01.417+05:30  WARN 17820 --- [exam] [main] org.hibernate.orm.deprecation            : HHH90000025: PostgreSQLDialect does not need to be specified explicitly using 'hibernate.dialect' (remove the property setting and it will be selected by default)
2025-03-29T11:16:03.881+05:30  INFO 17820 --- [exam] [main] o.h.e.t.j.p.i.JtaPlatformInitiator       : HHH000489: No JTA platform available (set 'hibernate.transaction.jta.platform' to enable JTA platform integration)
2025-03-29T11:16:04.109+05:30  INFO 17820 --- [exam] [main] j.LocalContainerEntityManagerFactoryBean : Initialized JPA EntityManagerFactory for persistence unit 'default'
2025-03-29T11:16:04.795+05:30  WARN 17820 --- [exam] [main] JpaBaseConfiguration$JpaWebConfiguration : spring.jpa.open-in-view is enabled by default. Therefore, database queries may be performed during view rendering. Explicitly configure spring.jpa.open-in-view to disable this warning
2025-03-29T11:16:05.722+05:30  INFO 17820 --- [exam] [main] o.s.b.w.embedded.tomcat.TomcatWebServer  : Tomcat started on port 8080 (http) with context path '/'
2025-03-29T11:16:05.745+05:30  INFO 17820 --- [exam] [main] com.example.exam.ExamApplication         : Started ExamApplication in 10.034 seconds (process running for 10.74)
2025-03-29T11:16:12.219+05:30  INFO 17820 --- [exam] [http-nio-8080-exec-1] o.a.c.c.C.[Tomcat].[localhost].[/]       : Initializing Spring DispatcherServlet 'dispatcherServlet'
2025-03-29T11:16:12.220+05:30  INFO 17820 --- [exam] [http-nio-8080-exec-1] o.s.web.servlet.DispatcherServlet        : Initializing Servlet 'dispatcherServlet'
2025-03-29T11:16:12.223+05:30  INFO 17820 --- [exam] [http-nio-8080-exec-1] o.s.web.servlet.DispatcherServlet        : Completed initialization in 2 ms
2025-03-29T11:16:12.287+05:30  WARN 17820 --- [exam] [http-nio-8080-exec-1] .w.s.m.s.DefaultHandlerExceptionResolver : Resolved [org.springframework.http.converter.HttpMessageNotReadableException: Required request body is missing: public org.springframework.http.ResponseEntity<java.lang.Object> com.example.exam.Controller.UserController.registerUser(com.example.exam.Entity.User)]
2025-03-29T11:16:44.400+05:30  WARN 17820 --- [exam] [http-nio-8080-exec-3] .w.s.m.s.DefaultHandlerExceptionResolver : Resolved [org.springframework.http.converter.HttpMessageNotReadableException: Required request body is missing: public org.springframework.http.ResponseEntity<java.lang.Object> com.example.exam.Controller.UserController.registerUser(com.example.exam.Entity.User)]
2025-03-29T11:16:45.658+05:30  WARN 17820 --- [exam] [http-nio-8080-exec-6] .w.s.m.s.DefaultHandlerExceptionResolver : Resolved [org.springframework.http.converter.HttpMessageNotReadableException: Required request body is missing: public org.springframework.http.ResponseEntity<java.lang.Object> com.example.exam.Controller.UserController.registerUser(com.example.exam.Entity.User)]
2025-03-29T11:22:03.924+05:30  WARN 17820 --- [exam] [http-nio-8080-exec-2] .w.s.m.s.DefaultHandlerExceptionResolver : Resolved [org.springframework.web.HttpRequestMethodNotSupportedException: Request method 'POST' is not supported]
2025-03-29T11:23:16.576+05:30  WARN 17820 --- [exam] [http-nio-8080-exec-5] .w.s.m.s.DefaultHandlerExceptionResolver : Resolved [org.springframework.web.method.annotation.MethodArgumentTypeMismatchException: Method parameter 'id': Failed to convert value of type 'java.lang.String' to required type 'java.lang.Long'; For input string: "login"]
2025-03-29T11:25:02.376+05:30  WARN 17820 --- [exam] [http-nio-8080-exec-9] .w.s.m.s.DefaultHandlerExceptionResolver : Resolved [org.springframework.web.HttpRequestMethodNotSupportedException: Request method 'PUT' is not supported]
2025-03-29T11:27:09.092+05:30  INFO 19860 --- [exam] [main] com.example.exam.ExamApplication         : Starting ExamApplication using Java 17.0.10 with PID 19860 (D:\College\5th sem\FSD\exam\target\classes started by HP in D:\College\5th sem\FSD\exam)
2025-03-29T11:27:09.100+05:30 DEBUG 19860 --- [exam] [main] com.example.exam.ExamApplication         : Running with Spring Boot v3.3.5, Spring v6.1.14
2025-03-29T11:27:09.103+05:30  INFO 19860 --- [exam] [main] com.example.exam.ExamApplication         : No active profile set, falling back to 1 default profile: "default"
2025-03-29T11:27:10.805+05:30  INFO 19860 --- [exam] [main] .s.d.r.c.RepositoryConfigurationDelegate : Bootstrapping Spring Data JPA repositories in DEFAULT mode.
2025-03-29T11:27:10.939+05:30  INFO 19860 --- [exam] [main] .s.d.r.c.RepositoryConfigurationDelegate : Finished Spring Data repository scanning in 117 ms. Found 9 JPA repository interfaces.
2025-03-29T11:27:13.281+05:30  INFO 19860 --- [exam] [main] o.s.b.w.embedded.tomcat.TomcatWebServer  : Tomcat initialized with port 8080 (http)
2025-03-29T11:27:13.305+05:30  INFO 19860 --- [exam] [main] o.apache.catalina.core.StandardService   : Starting service [Tomcat]
2025-03-29T11:27:13.307+05:30  INFO 19860 --- [exam] [main] o.apache.catalina.core.StandardEngine    : Starting Servlet engine: [Apache Tomcat/10.1.31]
2025-03-29T11:27:13.518+05:30  INFO 19860 --- [exam] [main] o.a.c.c.C.[Tomcat].[localhost].[/]       : Initializing Spring embedded WebApplicationContext
2025-03-29T11:27:13.520+05:30  INFO 19860 --- [exam] [main] w.s.c.ServletWebServerApplicationContext : Root WebApplicationContext: initialization completed in 4328 ms
2025-03-29T11:27:13.877+05:30  INFO 19860 --- [exam] [main] o.hibernate.jpa.internal.util.LogHelper  : HHH000204: Processing PersistenceUnitInfo [name: default]
2025-03-29T11:27:14.061+05:30  INFO 19860 --- [exam] [main] org.hibernate.Version                    : HHH000412: Hibernate ORM core version 6.5.3.Final
2025-03-29T11:27:14.291+05:30  INFO 19860 --- [exam] [main] o.h.c.internal.RegionFactoryInitiator    : HHH000026: Second-level cache disabled
2025-03-29T11:27:15.131+05:30  INFO 19860 --- [exam] [main] o.s.o.j.p.SpringPersistenceUnitInfo      : No LoadTimeWeaver setup: ignoring JPA class transformer
2025-03-29T11:27:15.193+05:30  INFO 19860 --- [exam] [main] com.zaxxer.hikari.HikariDataSource       : HikariPool-1 - Starting...
2025-03-29T11:27:15.432+05:30  INFO 19860 --- [exam] [main] com.zaxxer.hikari.pool.HikariPool        : HikariPool-1 - Added connection org.postgresql.jdbc.PgConnection@a9e8da1
2025-03-29T11:27:15.434+05:30  INFO 19860 --- [exam] [main] com.zaxxer.hikari.HikariDataSource       : HikariPool-1 - Start completed.
2025-03-29T11:27:15.481+05:30  WARN 19860 --- [exam] [main] org.hibernate.orm.deprecation            : HHH90000025: PostgreSQLDialect does not need to be specified explicitly using 'hibernate.dialect' (remove the property setting and it will be selected by default)
2025-03-29T11:27:17.859+05:30  INFO 19860 --- [exam] [main] o.h.e.t.j.p.i.JtaPlatformInitiator       : HHH000489: No JTA platform available (set 'hibernate.transaction.jta.platform' to enable JTA platform integration)
2025-03-29T11:27:18.034+05:30  INFO 19860 --- [exam] [main] j.LocalContainerEntityManagerFactoryBean : Initialized JPA EntityManagerFactory for persistence unit 'default'
2025-03-29T11:27:18.531+05:30  WARN 19860 --- [exam] [main] ConfigServletWebServerApplicationContext : Exception encountered during context initialization - cancelling refresh attempt: org.springframework.beans.factory.BeanCreationException: Error creating bean with name 'jwtUtil' defined in file [D:\College\5th sem\FSD\exam\target\classes\com\example\exam\utils\JwtUtil.class]: Failed to instantiate [com.example.exam.utils.JwtUtil]: Constructor threw exception
2025-03-29T11:27:18.533+05:30  INFO 19860 --- [exam] [main] j.LocalContainerEntityManagerFactoryBean : Closing JPA EntityManagerFactory for persistence unit 'default'
2025-03-29T11:27:18.537+05:30  INFO 19860 --- [exam] [main] com.zaxxer.hikari.HikariDataSource       : HikariPool-1 - Shutdown initiated...
2025-03-29T11:27:18.546+05:30  INFO 19860 --- [exam] [main] com.zaxxer.hikari.HikariDataSource       : HikariPool-1 - Shutdown completed.
2025-03-29T11:27:18.555+05:30  INFO 19860 --- [exam] [main] o.apache.catalina.core.StandardService   : Stopping service [Tomcat]
2025-03-29T11:27:18.603+05:30  INFO 19860 --- [exam] [main] .s.b.a.l.ConditionEvaluationReportLogger : 

Error starting ApplicationContext. To display the condition evaluation report re-run your application with 'debug' enabled.
2025-03-29T11:27:18.633+05:30 ERROR 19860 --- [exam] [main] o.s.boot.SpringApplication               : Application run failed

org.springframework.beans.factory.BeanCreationException: Error creating bean with name 'jwtUtil' defined in file [D:\College\5th sem\FSD\exam\target\classes\com\example\exam\utils\JwtUtil.class]: Failed to instantiate [com.example.exam.utils.JwtUtil]: Constructor threw exception
	at org.springframework.beans.factory.support.AbstractAutowireCapableBeanFactory.instantiateBean(AbstractAutowireCapableBeanFactory.java:1337) ~[spring-beans-6.1.14.jar:6.1.14]
	at org.springframework.beans.factory.support.AbstractAutowireCapableBeanFactory.createBeanInstance(AbstractAutowireCapableBeanFactory.java:1222) ~[spring-beans-6.1.14.jar:6.1.14]
	at org.springframework.beans.factory.support.AbstractAutowireCapableBeanFactory.doCreateBean(AbstractAutowireCapableBeanFactory.java:562) ~[spring-beans-6.1.14.jar:6.1.14]
	at org.springframework.beans.factory.support.AbstractAutowireCapableBeanFactory.createBean(AbstractAutowireCapableBeanFactory.java:522) ~[spring-beans-6.1.14.jar:6.1.14]
	at org.springframework.beans.factory.support.AbstractBeanFactory.lambda$doGetBean$0(AbstractBeanFactory.java:337) ~[spring-beans-6.1.14.jar:6.1.14]
	at org.springframework.beans.factory.support.DefaultSingletonBeanRegistry.getSingleton(DefaultSingletonBeanRegistry.java:234) ~[spring-beans-6.1.14.jar:6.1.14]
	at org.springframework.beans.factory.support.AbstractBeanFactory.doGetBean(AbstractBeanFactory.java:335) ~[spring-beans-6.1.14.jar:6.1.14]
	at org.springframework.beans.factory.support.AbstractBeanFactory.getBean(AbstractBeanFactory.java:200) ~[spring-beans-6.1.14.jar:6.1.14]
	at org.springframework.beans.factory.support.DefaultListableBeanFactory.preInstantiateSingletons(DefaultListableBeanFactory.java:975) ~[spring-beans-6.1.14.jar:6.1.14]
	at org.springframework.context.support.AbstractApplicationContext.finishBeanFactoryInitialization(AbstractApplicationContext.java:971) ~[spring-context-6.1.14.jar:6.1.14]
	at org.springframework.context.support.AbstractApplicationContext.refresh(AbstractApplicationContext.java:625) ~[spring-context-6.1.14.jar:6.1.14]
	at org.springframework.boot.web.servlet.context.ServletWebServerApplicationContext.refresh(ServletWebServerApplicationContext.java:146) ~[spring-boot-3.3.5.jar:3.3.5]
	at org.springframework.boot.SpringApplication.refresh(SpringApplication.java:754) ~[spring-boot-3.3.5.jar:3.3.5]
	at org.springframework.boot.SpringApplication.refreshContext(SpringApplication.java:456) ~[spring-boot-3.3.5.jar:3.3.5]
	at org.springframework.boot.SpringApplication.run(SpringApplication.java:335) ~[spring-boot-3.3.5.jar:3.3.5]
	at org.springframework.boot.SpringApplication.run(SpringApplication.java:1363) ~[spring-boot-3.3.5.jar:3.3.5]
	at org.springframework.boot.SpringApplication.run(SpringApplication.java:1352) ~[spring-boot-3.3.5.jar:3.3.5]
	at com.example.exam.ExamApplication.main(ExamApplication.java:10) ~[classes/:na]
Caused by: org.springframework.beans.BeanInstantiationException: Failed to instantiate [com.example.exam.utils.JwtUtil]: Constructor threw exception
	at org.springframework.beans.BeanUtils.instantiateClass(BeanUtils.java:221) ~[spring-beans-6.1.14.jar:6.1.14]
	at org.springframework.beans.factory.support.SimpleInstantiationStrategy.instantiate(SimpleInstantiationStrategy.java:94) ~[spring-beans-6.1.14.jar:6.1.14]
	at org.springframework.beans.factory.support.AbstractAutowireCapableBeanFactory.instantiateBean(AbstractAutowireCapableBeanFactory.java:1331) ~[spring-beans-6.1.14.jar:6.1.14]
	... 17 common frames omitted
Caused by: java.lang.Error: Unresolved compilation problems: 
	The declared package "" does not match the expected package "com.example.exam.utils"
	The import io.jsonwebtoken cannot be resolved
	The import io.jsonwebtoken cannot be resolved
	Keys cannot be resolved
	Jwts cannot be resolved
	SignatureAlgorithm cannot be resolved to a variable
	Jwts cannot be resolved
	Jwts cannot be resolved

	at com.example.exam.utils.JwtUtil.<init>(JwtUtil.java:1) ~[classes/:na]
	at java.base/jdk.internal.reflect.NativeConstructorAccessorImpl.newInstance0(Native Method) ~[na:na]
	at java.base/jdk.internal.reflect.NativeConstructorAccessorImpl.newInstance(NativeConstructorAccessorImpl.java:77) ~[na:na]
	at java.base/jdk.internal.reflect.DelegatingConstructorAccessorImpl.newInstance(DelegatingConstructorAccessorImpl.java:45) ~[na:na]
	at java.base/java.lang.reflect.Constructor.newInstanceWithCaller(Constructor.java:499) ~[na:na]
	at java.base/java.lang.reflect.Constructor.newInstance(Constructor.java:480) ~[na:na]
	at org.springframework.beans.BeanUtils.instantiateClass(BeanUtils.java:195) ~[spring-beans-6.1.14.jar:6.1.14]
	... 19 common frames omitted

2025-03-29T11:27:22.523+05:30  INFO 24368 --- [exam] [main] com.example.exam.ExamApplication         : Starting ExamApplication using Java 17.0.10 with PID 24368 (D:\College\5th sem\FSD\exam\target\classes started by HP in D:\College\5th sem\FSD\exam)
2025-03-29T11:27:22.525+05:30 DEBUG 24368 --- [exam] [main] com.example.exam.ExamApplication         : Running with Spring Boot v3.3.5, Spring v6.1.14
2025-03-29T11:27:22.527+05:30  INFO 24368 --- [exam] [main] com.example.exam.ExamApplication         : No active profile set, falling back to 1 default profile: "default"
2025-03-29T11:27:23.655+05:30  INFO 24368 --- [exam] [main] .s.d.r.c.RepositoryConfigurationDelegate : Bootstrapping Spring Data JPA repositories in DEFAULT mode.
2025-03-29T11:27:23.808+05:30  INFO 24368 --- [exam] [main] .s.d.r.c.RepositoryConfigurationDelegate : Finished Spring Data repository scanning in 134 ms. Found 9 JPA repository interfaces.
2025-03-29T11:27:25.066+05:30  INFO 24368 --- [exam] [main] o.s.b.w.embedded.tomcat.TomcatWebServer  : Tomcat initialized with port 8080 (http)
2025-03-29T11:27:25.085+05:30  INFO 24368 --- [exam] [main] o.apache.catalina.core.StandardService   : Starting service [Tomcat]
2025-03-29T11:27:25.086+05:30  INFO 24368 --- [exam] [main] o.apache.catalina.core.StandardEngine    : Starting Servlet engine: [Apache Tomcat/10.1.31]
2025-03-29T11:27:25.430+05:30  INFO 24368 --- [exam] [main] o.a.c.c.C.[Tomcat].[localhost].[/]       : Initializing Spring embedded WebApplicationContext
2025-03-29T11:27:25.432+05:30  INFO 24368 --- [exam] [main] w.s.c.ServletWebServerApplicationContext : Root WebApplicationContext: initialization completed in 2836 ms
2025-03-29T11:27:26.142+05:30  INFO 24368 --- [exam] [main] o.hibernate.jpa.internal.util.LogHelper  : HHH000204: Processing PersistenceUnitInfo [name: default]
2025-03-29T11:27:26.401+05:30  INFO 24368 --- [exam] [main] org.hibernate.Version                    : HHH000412: Hibernate ORM core version 6.5.3.Final
2025-03-29T11:27:26.557+05:30  INFO 24368 --- [exam] [main] o.h.c.internal.RegionFactoryInitiator    : HHH000026: Second-level cache disabled
2025-03-29T11:27:27.831+05:30  INFO 24368 --- [exam] [main] o.s.o.j.p.SpringPersistenceUnitInfo      : No LoadTimeWeaver setup: ignoring JPA class transformer
2025-03-29T11:27:27.942+05:30  INFO 24368 --- [exam] [main] com.zaxxer.hikari.HikariDataSource       : HikariPool-1 - Starting...
2025-03-29T11:27:28.538+05:30  INFO 24368 --- [exam] [main] com.zaxxer.hikari.pool.HikariPool        : HikariPool-1 - Added connection org.postgresql.jdbc.PgConnection@6f0a4e30
2025-03-29T11:27:28.549+05:30  INFO 24368 --- [exam] [main] com.zaxxer.hikari.HikariDataSource       : HikariPool-1 - Start completed.
2025-03-29T11:27:28.640+05:30  WARN 24368 --- [exam] [main] org.hibernate.orm.deprecation            : HHH90000025: PostgreSQLDialect does not need to be specified explicitly using 'hibernate.dialect' (remove the property setting and it will be selected by default)
2025-03-29T11:27:31.132+05:30  INFO 24368 --- [exam] [main] o.h.e.t.j.p.i.JtaPlatformInitiator       : HHH000489: No JTA platform available (set 'hibernate.transaction.jta.platform' to enable JTA platform integration)
2025-03-29T11:27:31.272+05:30  INFO 24368 --- [exam] [main] j.LocalContainerEntityManagerFactoryBean : Initialized JPA EntityManagerFactory for persistence unit 'default'
2025-03-29T11:27:32.069+05:30  WARN 24368 --- [exam] [main] ConfigServletWebServerApplicationContext : Exception encountered during context initialization - cancelling refresh attempt: org.springframework.beans.factory.BeanCreationException: Error creating bean with name 'jwtUtil' defined in file [D:\College\5th sem\FSD\exam\target\classes\com\example\exam\utils\JwtUtil.class]: Failed to instantiate [com.example.exam.utils.JwtUtil]: Constructor threw exception
2025-03-29T11:27:32.073+05:30  INFO 24368 --- [exam] [main] j.LocalContainerEntityManagerFactoryBean : Closing JPA EntityManagerFactory for persistence unit 'default'
2025-03-29T11:27:32.082+05:30  INFO 24368 --- [exam] [main] com.zaxxer.hikari.HikariDataSource       : HikariPool-1 - Shutdown initiated...
2025-03-29T11:27:32.098+05:30  INFO 24368 --- [exam] [main] com.zaxxer.hikari.HikariDataSource       : HikariPool-1 - Shutdown completed.
2025-03-29T11:27:32.113+05:30  INFO 24368 --- [exam] [main] o.apache.catalina.core.StandardService   : Stopping service [Tomcat]
2025-03-29T11:27:32.179+05:30  INFO 24368 --- [exam] [main] .s.b.a.l.ConditionEvaluationReportLogger : 

Error starting ApplicationContext. To display the condition evaluation report re-run your application with 'debug' enabled.
2025-03-29T11:27:32.233+05:30 ERROR 24368 --- [exam] [main] o.s.boot.SpringApplication               : Application run failed

org.springframework.beans.factory.BeanCreationException: Error creating bean with name 'jwtUtil' defined in file [D:\College\5th sem\FSD\exam\target\classes\com\example\exam\utils\JwtUtil.class]: Failed to instantiate [com.example.exam.utils.JwtUtil]: Constructor threw exception
	at org.springframework.beans.factory.support.AbstractAutowireCapableBeanFactory.instantiateBean(AbstractAutowireCapableBeanFactory.java:1337) ~[spring-beans-6.1.14.jar:6.1.14]
	at org.springframework.beans.factory.support.AbstractAutowireCapableBeanFactory.createBeanInstance(AbstractAutowireCapableBeanFactory.java:1222) ~[spring-beans-6.1.14.jar:6.1.14]
	at org.springframework.beans.factory.support.AbstractAutowireCapableBeanFactory.doCreateBean(AbstractAutowireCapableBeanFactory.java:562) ~[spring-beans-6.1.14.jar:6.1.14]
	at org.springframework.beans.factory.support.AbstractAutowireCapableBeanFactory.createBean(AbstractAutowireCapableBeanFactory.java:522) ~[spring-beans-6.1.14.jar:6.1.14]
	at org.springframework.beans.factory.support.AbstractBeanFactory.lambda$doGetBean$0(AbstractBeanFactory.java:337) ~[spring-beans-6.1.14.jar:6.1.14]
	at org.springframework.beans.factory.support.DefaultSingletonBeanRegistry.getSingleton(DefaultSingletonBeanRegistry.java:234) ~[spring-beans-6.1.14.jar:6.1.14]
	at org.springframework.beans.factory.support.AbstractBeanFactory.doGetBean(AbstractBeanFactory.java:335) ~[spring-beans-6.1.14.jar:6.1.14]
	at org.springframework.beans.factory.support.AbstractBeanFactory.getBean(AbstractBeanFactory.java:200) ~[spring-beans-6.1.14.jar:6.1.14]
	at org.springframework.beans.factory.support.DefaultListableBeanFactory.preInstantiateSingletons(DefaultListableBeanFactory.java:975) ~[spring-beans-6.1.14.jar:6.1.14]
	at org.springframework.context.support.AbstractApplicationContext.finishBeanFactoryInitialization(AbstractApplicationContext.java:971) ~[spring-context-6.1.14.jar:6.1.14]
	at org.springframework.context.support.AbstractApplicationContext.refresh(AbstractApplicationContext.java:625) ~[spring-context-6.1.14.jar:6.1.14]
	at org.springframework.boot.web.servlet.context.ServletWebServerApplicationContext.refresh(ServletWebServerApplicationContext.java:146) ~[spring-boot-3.3.5.jar:3.3.5]
	at org.springframework.boot.SpringApplication.refresh(SpringApplication.java:754) ~[spring-boot-3.3.5.jar:3.3.5]
	at org.springframework.boot.SpringApplication.refreshContext(SpringApplication.java:456) ~[spring-boot-3.3.5.jar:3.3.5]
	at org.springframework.boot.SpringApplication.run(SpringApplication.java:335) ~[spring-boot-3.3.5.jar:3.3.5]
	at org.springframework.boot.SpringApplication.run(SpringApplication.java:1363) ~[spring-boot-3.3.5.jar:3.3.5]
	at org.springframework.boot.SpringApplication.run(SpringApplication.java:1352) ~[spring-boot-3.3.5.jar:3.3.5]
	at com.example.exam.ExamApplication.main(ExamApplication.java:10) ~[classes/:na]
Caused by: org.springframework.beans.BeanInstantiationException: Failed to instantiate [com.example.exam.utils.JwtUtil]: Constructor threw exception
	at org.springframework.beans.BeanUtils.instantiateClass(BeanUtils.java:221) ~[spring-beans-6.1.14.jar:6.1.14]
	at org.springframework.beans.factory.support.SimpleInstantiationStrategy.instantiate(SimpleInstantiationStrategy.java:94) ~[spring-beans-6.1.14.jar:6.1.14]
	at org.springframework.beans.factory.support.AbstractAutowireCapableBeanFactory.instantiateBean(AbstractAutowireCapableBeanFactory.java:1331) ~[spring-beans-6.1.14.jar:6.1.14]
	... 17 common frames omitted
Caused by: java.lang.Error: Unresolved compilation problems: 
	The declared package "" does not match the expected package "com.example.exam.utils"
	The import io.jsonwebtoken cannot be resolved
	The import io.jsonwebtoken cannot be resolved
	Keys cannot be resolved
	Jwts cannot be resolved
	SignatureAlgorithm cannot be resolved to a variable
	Jwts cannot be resolved
	Jwts cannot be resolved

	at com.example.exam.utils.JwtUtil.<init>(JwtUtil.java:1) ~[classes/:na]
	at java.base/jdk.internal.reflect.NativeConstructorAccessorImpl.newInstance0(Native Method) ~[na:na]
	at java.base/jdk.internal.reflect.NativeConstructorAccessorImpl.newInstance(NativeConstructorAccessorImpl.java:77) ~[na:na]
	at java.base/jdk.internal.reflect.DelegatingConstructorAccessorImpl.newInstance(DelegatingConstructorAccessorImpl.java:45) ~[na:na]
	at java.base/java.lang.reflect.Constructor.newInstanceWithCaller(Constructor.java:499) ~[na:na]
	at java.base/java.lang.reflect.Constructor.newInstance(Constructor.java:480) ~[na:na]
	at org.springframework.beans.BeanUtils.instantiateClass(BeanUtils.java:195) ~[spring-beans-6.1.14.jar:6.1.14]
	... 19 common frames omitted

2025-03-29T11:29:01.317+05:30  INFO 23148 --- [exam] [main] com.example.exam.ExamApplication         : Starting ExamApplication using Java 17.0.10 with PID 23148 (D:\College\5th sem\FSD\exam\target\classes started by HP in D:\College\5th sem\FSD\exam)
2025-03-29T11:29:01.320+05:30 DEBUG 23148 --- [exam] [main] com.example.exam.ExamApplication         : Running with Spring Boot v3.3.5, Spring v6.1.14
2025-03-29T11:29:01.323+05:30  INFO 23148 --- [exam] [main] com.example.exam.ExamApplication         : No active profile set, falling back to 1 default profile: "default"
2025-03-29T11:29:02.678+05:30  INFO 23148 --- [exam] [main] .s.d.r.c.RepositoryConfigurationDelegate : Bootstrapping Spring Data JPA repositories in DEFAULT mode.
2025-03-29T11:29:02.812+05:30  INFO 23148 --- [exam] [main] .s.d.r.c.RepositoryConfigurationDelegate : Finished Spring Data repository scanning in 121 ms. Found 9 JPA repository interfaces.
2025-03-29T11:29:04.101+05:30  INFO 23148 --- [exam] [main] o.s.b.w.embedded.tomcat.TomcatWebServer  : Tomcat initialized with port 8080 (http)
2025-03-29T11:29:04.123+05:30  INFO 23148 --- [exam] [main] o.apache.catalina.core.StandardService   : Starting service [Tomcat]
2025-03-29T11:29:04.125+05:30  INFO 23148 --- [exam] [main] o.apache.catalina.core.StandardEngine    : Starting Servlet engine: [Apache Tomcat/10.1.31]
2025-03-29T11:29:04.244+05:30  INFO 23148 --- [exam] [main] o.a.c.c.C.[Tomcat].[localhost].[/]       : Initializing Spring embedded WebApplicationContext
2025-03-29T11:29:04.245+05:30  INFO 23148 --- [exam] [main] w.s.c.ServletWebServerApplicationContext : Root WebApplicationContext: initialization completed in 2848 ms
2025-03-29T11:29:04.474+05:30  INFO 23148 --- [exam] [main] o.hibernate.jpa.internal.util.LogHelper  : HHH000204: Processing PersistenceUnitInfo [name: default]
2025-03-29T11:29:04.568+05:30  INFO 23148 --- [exam] [main] org.hibernate.Version                    : HHH000412: Hibernate ORM core version 6.5.3.Final
2025-03-29T11:29:04.626+05:30  INFO 23148 --- [exam] [main] o.h.c.internal.RegionFactoryInitiator    : HHH000026: Second-level cache disabled
2025-03-29T11:29:05.056+05:30  INFO 23148 --- [exam] [main] o.s.o.j.p.SpringPersistenceUnitInfo      : No LoadTimeWeaver setup: ignoring JPA class transformer
2025-03-29T11:29:05.102+05:30  INFO 23148 --- [exam] [main] com.zaxxer.hikari.HikariDataSource       : HikariPool-1 - Starting...
2025-03-29T11:29:05.471+05:30  INFO 23148 --- [exam] [main] com.zaxxer.hikari.pool.HikariPool        : HikariPool-1 - Added connection org.postgresql.jdbc.PgConnection@4d290757
2025-03-29T11:29:05.475+05:30  INFO 23148 --- [exam] [main] com.zaxxer.hikari.HikariDataSource       : HikariPool-1 - Start completed.
2025-03-29T11:29:05.541+05:30  WARN 23148 --- [exam] [main] org.hibernate.orm.deprecation            : HHH90000025: PostgreSQLDialect does not need to be specified explicitly using 'hibernate.dialect' (remove the property setting and it will be selected by default)
2025-03-29T11:29:08.165+05:30  INFO 23148 --- [exam] [main] o.h.e.t.j.p.i.JtaPlatformInitiator       : HHH000489: No JTA platform available (set 'hibernate.transaction.jta.platform' to enable JTA platform integration)
2025-03-29T11:29:08.390+05:30  INFO 23148 --- [exam] [main] j.LocalContainerEntityManagerFactoryBean : Initialized JPA EntityManagerFactory for persistence unit 'default'
2025-03-29T11:29:08.979+05:30  WARN 23148 --- [exam] [main] ConfigServletWebServerApplicationContext : Exception encountered during context initialization - cancelling refresh attempt: org.springframework.beans.factory.BeanCreationException: Error creating bean with name 'jwtUtil' defined in file [D:\College\5th sem\FSD\exam\target\classes\com\example\exam\utils\JwtUtil.class]: Failed to instantiate [com.example.exam.utils.JwtUtil]: Constructor threw exception
2025-03-29T11:29:08.981+05:30  INFO 23148 --- [exam] [main] j.LocalContainerEntityManagerFactoryBean : Closing JPA EntityManagerFactory for persistence unit 'default'
2025-03-29T11:29:08.985+05:30  INFO 23148 --- [exam] [main] com.zaxxer.hikari.HikariDataSource       : HikariPool-1 - Shutdown initiated...
2025-03-29T11:29:08.996+05:30  INFO 23148 --- [exam] [main] com.zaxxer.hikari.HikariDataSource       : HikariPool-1 - Shutdown completed.
2025-03-29T11:29:09.002+05:30  INFO 23148 --- [exam] [main] o.apache.catalina.core.StandardService   : Stopping service [Tomcat]
2025-03-29T11:29:09.042+05:30  INFO 23148 --- [exam] [main] .s.b.a.l.ConditionEvaluationReportLogger : 

Error starting ApplicationContext. To display the condition evaluation report re-run your application with 'debug' enabled.
2025-03-29T11:29:09.075+05:30 ERROR 23148 --- [exam] [main] o.s.boot.SpringApplication               : Application run failed

org.springframework.beans.factory.BeanCreationException: Error creating bean with name 'jwtUtil' defined in file [D:\College\5th sem\FSD\exam\target\classes\com\example\exam\utils\JwtUtil.class]: Failed to instantiate [com.example.exam.utils.JwtUtil]: Constructor threw exception
	at org.springframework.beans.factory.support.AbstractAutowireCapableBeanFactory.instantiateBean(AbstractAutowireCapableBeanFactory.java:1337) ~[spring-beans-6.1.14.jar:6.1.14]
	at org.springframework.beans.factory.support.AbstractAutowireCapableBeanFactory.createBeanInstance(AbstractAutowireCapableBeanFactory.java:1222) ~[spring-beans-6.1.14.jar:6.1.14]
	at org.springframework.beans.factory.support.AbstractAutowireCapableBeanFactory.doCreateBean(AbstractAutowireCapableBeanFactory.java:562) ~[spring-beans-6.1.14.jar:6.1.14]
	at org.springframework.beans.factory.support.AbstractAutowireCapableBeanFactory.createBean(AbstractAutowireCapableBeanFactory.java:522) ~[spring-beans-6.1.14.jar:6.1.14]
	at org.springframework.beans.factory.support.AbstractBeanFactory.lambda$doGetBean$0(AbstractBeanFactory.java:337) ~[spring-beans-6.1.14.jar:6.1.14]
	at org.springframework.beans.factory.support.DefaultSingletonBeanRegistry.getSingleton(DefaultSingletonBeanRegistry.java:234) ~[spring-beans-6.1.14.jar:6.1.14]
	at org.springframework.beans.factory.support.AbstractBeanFactory.doGetBean(AbstractBeanFactory.java:335) ~[spring-beans-6.1.14.jar:6.1.14]
	at org.springframework.beans.factory.support.AbstractBeanFactory.getBean(AbstractBeanFactory.java:200) ~[spring-beans-6.1.14.jar:6.1.14]
	at org.springframework.beans.factory.support.DefaultListableBeanFactory.preInstantiateSingletons(DefaultListableBeanFactory.java:975) ~[spring-beans-6.1.14.jar:6.1.14]
	at org.springframework.context.support.AbstractApplicationContext.finishBeanFactoryInitialization(AbstractApplicationContext.java:971) ~[spring-context-6.1.14.jar:6.1.14]
	at org.springframework.context.support.AbstractApplicationContext.refresh(AbstractApplicationContext.java:625) ~[spring-context-6.1.14.jar:6.1.14]
	at org.springframework.boot.web.servlet.context.ServletWebServerApplicationContext.refresh(ServletWebServerApplicationContext.java:146) ~[spring-boot-3.3.5.jar:3.3.5]
	at org.springframework.boot.SpringApplication.refresh(SpringApplication.java:754) ~[spring-boot-3.3.5.jar:3.3.5]
	at org.springframework.boot.SpringApplication.refreshContext(SpringApplication.java:456) ~[spring-boot-3.3.5.jar:3.3.5]
	at org.springframework.boot.SpringApplication.run(SpringApplication.java:335) ~[spring-boot-3.3.5.jar:3.3.5]
	at org.springframework.boot.SpringApplication.run(SpringApplication.java:1363) ~[spring-boot-3.3.5.jar:3.3.5]
	at org.springframework.boot.SpringApplication.run(SpringApplication.java:1352) ~[spring-boot-3.3.5.jar:3.3.5]
	at com.example.exam.ExamApplication.main(ExamApplication.java:10) ~[classes/:na]
Caused by: org.springframework.beans.BeanInstantiationException: Failed to instantiate [com.example.exam.utils.JwtUtil]: Constructor threw exception
	at org.springframework.beans.BeanUtils.instantiateClass(BeanUtils.java:221) ~[spring-beans-6.1.14.jar:6.1.14]
	at org.springframework.beans.factory.support.SimpleInstantiationStrategy.instantiate(SimpleInstantiationStrategy.java:94) ~[spring-beans-6.1.14.jar:6.1.14]
	at org.springframework.beans.factory.support.AbstractAutowireCapableBeanFactory.instantiateBean(AbstractAutowireCapableBeanFactory.java:1331) ~[spring-beans-6.1.14.jar:6.1.14]
	... 17 common frames omitted
Caused by: java.lang.Error: Unresolved compilation problems: 
	The declared package "" does not match the expected package "com.example.exam.utils"
	The import io.jsonwebtoken cannot be resolved
	The import io.jsonwebtoken cannot be resolved
	Keys cannot be resolved
	Jwts cannot be resolved
	SignatureAlgorithm cannot be resolved to a variable
	Jwts cannot be resolved
	Jwts cannot be resolved

	at com.example.exam.utils.JwtUtil.<init>(JwtUtil.java:1) ~[classes/:na]
	at java.base/jdk.internal.reflect.NativeConstructorAccessorImpl.newInstance0(Native Method) ~[na:na]
	at java.base/jdk.internal.reflect.NativeConstructorAccessorImpl.newInstance(NativeConstructorAccessorImpl.java:77) ~[na:na]
	at java.base/jdk.internal.reflect.DelegatingConstructorAccessorImpl.newInstance(DelegatingConstructorAccessorImpl.java:45) ~[na:na]
	at java.base/java.lang.reflect.Constructor.newInstanceWithCaller(Constructor.java:499) ~[na:na]
	at java.base/java.lang.reflect.Constructor.newInstance(Constructor.java:480) ~[na:na]
	at org.springframework.beans.BeanUtils.instantiateClass(BeanUtils.java:195) ~[spring-beans-6.1.14.jar:6.1.14]
	... 19 common frames omitted

2025-03-29T11:29:21.971+05:30  INFO 15740 --- [exam] [main] com.example.exam.ExamApplication         : Starting ExamApplication using Java 17.0.10 with PID 15740 (D:\College\5th sem\FSD\exam\target\classes started by HP in D:\College\5th sem\FSD\exam)
2025-03-29T11:29:21.974+05:30 DEBUG 15740 --- [exam] [main] com.example.exam.ExamApplication         : Running with Spring Boot v3.3.5, Spring v6.1.14
2025-03-29T11:29:21.976+05:30  INFO 15740 --- [exam] [main] com.example.exam.ExamApplication         : No active profile set, falling back to 1 default profile: "default"
2025-03-29T11:29:23.126+05:30  INFO 15740 --- [exam] [main] .s.d.r.c.RepositoryConfigurationDelegate : Bootstrapping Spring Data JPA repositories in DEFAULT mode.
2025-03-29T11:29:23.250+05:30  INFO 15740 --- [exam] [main] .s.d.r.c.RepositoryConfigurationDelegate : Finished Spring Data repository scanning in 112 ms. Found 9 JPA repository interfaces.
2025-03-29T11:29:24.101+05:30  INFO 15740 --- [exam] [main] o.s.b.w.embedded.tomcat.TomcatWebServer  : Tomcat initialized with port 8080 (http)
2025-03-29T11:29:24.128+05:30  INFO 15740 --- [exam] [main] o.apache.catalina.core.StandardService   : Starting service [Tomcat]
2025-03-29T11:29:24.129+05:30  INFO 15740 --- [exam] [main] o.apache.catalina.core.StandardEngine    : Starting Servlet engine: [Apache Tomcat/10.1.31]
2025-03-29T11:29:24.362+05:30  INFO 15740 --- [exam] [main] o.a.c.c.C.[Tomcat].[localhost].[/]       : Initializing Spring embedded WebApplicationContext
2025-03-29T11:29:24.363+05:30  INFO 15740 --- [exam] [main] w.s.c.ServletWebServerApplicationContext : Root WebApplicationContext: initialization completed in 2291 ms
2025-03-29T11:29:24.593+05:30  INFO 15740 --- [exam] [main] o.hibernate.jpa.internal.util.LogHelper  : HHH000204: Processing PersistenceUnitInfo [name: default]
2025-03-29T11:29:24.684+05:30  INFO 15740 --- [exam] [main] org.hibernate.Version                    : HHH000412: Hibernate ORM core version 6.5.3.Final
2025-03-29T11:29:24.759+05:30  INFO 15740 --- [exam] [main] o.h.c.internal.RegionFactoryInitiator    : HHH000026: Second-level cache disabled
2025-03-29T11:29:25.162+05:30  INFO 15740 --- [exam] [main] o.s.o.j.p.SpringPersistenceUnitInfo      : No LoadTimeWeaver setup: ignoring JPA class transformer
2025-03-29T11:29:25.201+05:30  INFO 15740 --- [exam] [main] com.zaxxer.hikari.HikariDataSource       : HikariPool-1 - Starting...
2025-03-29T11:29:25.433+05:30  INFO 15740 --- [exam] [main] com.zaxxer.hikari.pool.HikariPool        : HikariPool-1 - Added connection org.postgresql.jdbc.PgConnection@5ab7ac02
2025-03-29T11:29:25.436+05:30  INFO 15740 --- [exam] [main] com.zaxxer.hikari.HikariDataSource       : HikariPool-1 - Start completed.
2025-03-29T11:29:25.491+05:30  WARN 15740 --- [exam] [main] org.hibernate.orm.deprecation            : HHH90000025: PostgreSQLDialect does not need to be specified explicitly using 'hibernate.dialect' (remove the property setting and it will be selected by default)
2025-03-29T11:29:27.631+05:30  INFO 15740 --- [exam] [main] o.h.e.t.j.p.i.JtaPlatformInitiator       : HHH000489: No JTA platform available (set 'hibernate.transaction.jta.platform' to enable JTA platform integration)
2025-03-29T11:29:27.768+05:30  INFO 15740 --- [exam] [main] j.LocalContainerEntityManagerFactoryBean : Initialized JPA EntityManagerFactory for persistence unit 'default'
2025-03-29T11:29:28.553+05:30  WARN 15740 --- [exam] [main] JpaBaseConfiguration$JpaWebConfiguration : spring.jpa.open-in-view is enabled by default. Therefore, database queries may be performed during view rendering. Explicitly configure spring.jpa.open-in-view to disable this warning
2025-03-29T11:29:29.404+05:30  INFO 15740 --- [exam] [main] o.s.b.w.embedded.tomcat.TomcatWebServer  : Tomcat started on port 8080 (http) with context path '/'
2025-03-29T11:29:29.427+05:30  INFO 15740 --- [exam] [main] com.example.exam.ExamApplication         : Started ExamApplication in 7.96 seconds (process running for 8.315)
2025-03-29T11:29:35.423+05:30  INFO 15740 --- [exam] [http-nio-8080-exec-2] o.a.c.c.C.[Tomcat].[localhost].[/]       : Initializing Spring DispatcherServlet 'dispatcherServlet'
2025-03-29T11:29:35.424+05:30  INFO 15740 --- [exam] [http-nio-8080-exec-2] o.s.web.servlet.DispatcherServlet        : Initializing Servlet 'dispatcherServlet'
2025-03-29T11:29:35.426+05:30  INFO 15740 --- [exam] [http-nio-8080-exec-2] o.s.web.servlet.DispatcherServlet        : Completed initialization in 2 ms
